This is pdfTeX, Version 3.141592653-2.6-1.40.27 (MiKTeX 25.4) (preloaded format=pdflatex 2025.12.1)  4 DEC 2025 02:07
entering extended mode
 restricted \write18 enabled.
 %&-line parsing enabled.
**./main.tex
(main.tex
LaTeX2e <2025-11-01>
L3 programming layer <2025-11-06>
(D:\texstudio\mikitex\tex/latex/base\article.cls
Document Class: article 2025/01/22 v1.4n Standard LaTeX document class
(D:\texstudio\mikitex\tex/latex/base\size12.clo
File: size12.clo 2025/01/22 v1.4n Standard LaTeX file (size option)
)
\c@part=\count275
\c@section=\count276
\c@subsection=\count277
\c@subsubsection=\count278
\c@paragraph=\count279
\c@subparagraph=\count280
\c@figure=\count281
\c@table=\count282
\abovecaptionskip=\skip49
\belowcaptionskip=\skip50
\bibindent=\dimen148
)
(D:\texstudio\mikitex\tex/latex/geometry\geometry.sty
Package: geometry 2020/01/02 v5.9 Page Geometry

(D:\texstudio\mikitex\tex/latex/graphics\keyval.sty
Package: keyval 2022/05/29 v1.15 key=value parser (DPC)
\KV@toks@=\toks17
)
(D:\texstudio\mikitex\tex/generic/iftex\ifvtex.sty
Package: ifvtex 2019/10/25 v1.7 ifvtex legacy package. Use iftex instead.

(D:\texstudio\mikitex\tex/generic/iftex\iftex.sty
Package: iftex 2024/12/12 v1.0g TeX engine tests
))
\Gm@cnth=\count283
\Gm@cntv=\count284
\c@Gm@tempcnt=\count285
\Gm@bindingoffset=\dimen149
\Gm@wd@mp=\dimen150
\Gm@odd@mp=\dimen151
\Gm@even@mp=\dimen152
\Gm@layoutwidth=\dimen153
\Gm@layoutheight=\dimen154
\Gm@layouthoffset=\dimen155
\Gm@layoutvoffset=\dimen156
\Gm@dimlist=\toks18

(D:\texstudio\mikitex\tex/latex/geometry\geometry.cfg))
(D:\texstudio\mikitex\tex/latex/amsmath\amsmath.sty
Package: amsmath 2025/07/09 v2.17z AMS math features
\@mathmargin=\skip51

For additional information on amsmath, use the `?' option.
(D:\texstudio\mikitex\tex/latex/amsmath\amstext.sty
Package: amstext 2024/11/17 v2.01 AMS text

(D:\texstudio\mikitex\tex/latex/amsmath\amsgen.sty
File: amsgen.sty 1999/11/30 v2.0 generic functions
\@emptytoks=\toks19
\ex@=\dimen157
))
(D:\texstudio\mikitex\tex/latex/amsmath\amsbsy.sty
Package: amsbsy 1999/11/29 v1.2d Bold Symbols
\pmbraise@=\dimen158
)
(D:\texstudio\mikitex\tex/latex/amsmath\amsopn.sty
Package: amsopn 2022/04/08 v2.04 operator names
)
\inf@bad=\count286
LaTeX Info: Redefining \frac on input line 233.
\uproot@=\count287
\leftroot@=\count288
LaTeX Info: Redefining \overline on input line 398.
LaTeX Info: Redefining \colon on input line 409.
\classnum@=\count289
\DOTSCASE@=\count290
LaTeX Info: Redefining \ldots on input line 495.
LaTeX Info: Redefining \dots on input line 498.
LaTeX Info: Redefining \cdots on input line 619.
\Mathstrutbox@=\box53
\strutbox@=\box54
LaTeX Info: Redefining \big on input line 721.
LaTeX Info: Redefining \Big on input line 722.
LaTeX Info: Redefining \bigg on input line 723.
LaTeX Info: Redefining \Bigg on input line 724.
\big@size=\dimen159
LaTeX Font Info:    Redeclaring font encoding OML on input line 742.
LaTeX Font Info:    Redeclaring font encoding OMS on input line 743.
\macc@depth=\count291
LaTeX Info: Redefining \bmod on input line 904.
LaTeX Info: Redefining \pmod on input line 909.
LaTeX Info: Redefining \smash on input line 939.
LaTeX Info: Redefining \relbar on input line 969.
LaTeX Info: Redefining \Relbar on input line 970.
\c@MaxMatrixCols=\count292
\dotsspace@=\muskip17
\c@parentequation=\count293
\dspbrk@lvl=\count294
\tag@help=\toks20
\row@=\count295
\column@=\count296
\maxfields@=\count297
\andhelp@=\toks21
\eqnshift@=\dimen160
\alignsep@=\dimen161
\tagshift@=\dimen162
\tagwidth@=\dimen163
\totwidth@=\dimen164
\lineht@=\dimen165
\@envbody=\toks22
\multlinegap=\skip52
\multlinetaggap=\skip53
\mathdisplay@stack=\toks23
LaTeX Info: Redefining \[ on input line 2950.
LaTeX Info: Redefining \] on input line 2951.
)
(D:\texstudio\mikitex\tex/latex/amsfonts\amssymb.sty
Package: amssymb 2013/01/14 v3.01 AMS font symbols

(D:\texstudio\mikitex\tex/latex/amsfonts\amsfonts.sty
Package: amsfonts 2013/01/14 v3.01 Basic AMSFonts support
\symAMSa=\mathgroup4
\symAMSb=\mathgroup5
LaTeX Font Info:    Redeclaring math symbol \hbar on input line 98.
LaTeX Font Info:    Overwriting math alphabet `\mathfrak' in version `bold'
(Font)                  U/euf/m/n --> U/euf/b/n on input line 106.
))
(D:\texstudio\mikitex\tex/latex/graphics\graphicx.sty
Package: graphicx 2024/12/31 v1.2e Enhanced LaTeX Graphics (DPC,SPQR)

(D:\texstudio\mikitex\tex/latex/graphics\graphics.sty
Package: graphics 2024/08/06 v1.4g Standard LaTeX Graphics (DPC,SPQR)

(D:\texstudio\mikitex\tex/latex/graphics\trig.sty
Package: trig 2023/12/02 v1.11 sin cos tan (DPC)
)
(D:\texstudio\mikitex\tex/latex/graphics-cfg\graphics.cfg
File: graphics.cfg 2016/06/04 v1.11 sample graphics configuration
)
Package graphics Info: Driver file: pdftex.def on input line 106.

(D:\texstudio\mikitex\tex/latex/graphics-def\pdftex.def
File: pdftex.def 2025/09/29 v1.2d Graphics/color driver for pdftex
))
\Gin@req@height=\dimen166
\Gin@req@width=\dimen167
)
(D:\texstudio\mikitex\tex/latex/float\float.sty
Package: float 2001/11/08 v1.3d Float enhancements (AL)
\c@float@type=\count298
\float@exts=\toks24
\float@box=\box55
\@float@everytoks=\toks25
\@floatcapt=\box56
)
(D:\texstudio\mikitex\tex/latex/booktabs\booktabs.sty
Package: booktabs 2020/01/12 v1.61803398 Publication quality tables
\heavyrulewidth=\dimen168
\lightrulewidth=\dimen169
\cmidrulewidth=\dimen170
\belowrulesep=\dimen171
\belowbottomsep=\dimen172
\aboverulesep=\dimen173
\abovetopsep=\dimen174
\cmidrulesep=\dimen175
\cmidrulekern=\dimen176
\defaultaddspace=\dimen177
\@cmidla=\count299
\@cmidlb=\count300
\@aboverulesep=\dimen178
\@belowrulesep=\dimen179
\@thisruleclass=\count301
\@lastruleclass=\count302
\@thisrulewidth=\dimen180
)
(D:\texstudio\mikitex\tex/latex/polski\polski.sty
Package: polski 2021/08/25 v1.3.6 Polish language package

   Switching to Polish text encoding and Polish maths fonts.
(D:\texstudio\mikitex\tex/latex/base\ot4enc.def
File: ot4enc.def 2025/07/18 v2.1d Standard LaTeX file
Now handling font encoding OT4 ...
... no UTF-8 mapping file for font encoding OT4
)
LaTeX Font Info:    Trying to load font information for OT4+cmr on input line 3
62.

(D:\texstudio\mikitex\tex/latex/polski\ot4cmr.fd
File: ot4cmr.fd 2008/02/24 v1.2.1 Font defs for fonts PL (MW)
)
LaTeX Font Info:    Overwriting math alphabet `\mathbf' in version `normal'
(Font)                  OT1/cmr/bx/n --> OT4/cmr/bx/n on input line 362.
LaTeX Font Info:    Overwriting math alphabet `\mathsf' in version `normal'
(Font)                  OT1/cmss/m/n --> OT4/cmss/m/n on input line 362.
LaTeX Font Info:    Overwriting math alphabet `\mathit' in version `normal'
(Font)                  OT1/cmr/m/it --> OT4/cmr/m/it on input line 362.
LaTeX Font Info:    Overwriting math alphabet `\mathtt' in version `normal'
(Font)                  OT1/cmtt/m/n --> OT4/cmtt/m/n on input line 362.
LaTeX Font Info:    Overwriting math alphabet `\mathsf' in version `bold'
(Font)                  OT1/cmss/bx/n --> OT4/cmss/bx/n on input line 362.
LaTeX Font Info:    Overwriting math alphabet `\mathit' in version `bold'
(Font)                  OT1/cmr/bx/it --> OT4/cmr/bx/it on input line 362.
LaTeX Font Info:    Encoding `OT1' has changed to `OT4' for symbol font
(Font)              `operators' in the math version `normal' on input line 362.

LaTeX Font Info:    Overwriting symbol font `operators' in version `normal'
(Font)                  OT1/cmr/m/n --> OT4/cmr/m/n on input line 362.
LaTeX Font Info:    Overwriting symbol font `letters' in version `normal'
(Font)                  OML/cmm/m/it --> OML/plm/m/it on input line 362.
LaTeX Font Info:    Overwriting symbol font `symbols' in version `normal'
(Font)                  OMS/cmsy/m/n --> OMS/plsy/m/n on input line 362.
LaTeX Font Info:    Overwriting symbol font `largesymbols' in version `normal'
(Font)                  OMX/cmex/m/n --> OMX/plex/m/n on input line 362.
LaTeX Font Info:    Encoding `OT1' has changed to `OT4' for symbol font
(Font)              `operators' in the math version `bold' on input line 362.
LaTeX Font Info:    Overwriting symbol font `operators' in version `bold'
(Font)                  OT1/cmr/bx/n --> OT4/cmr/bx/n on input line 362.
LaTeX Font Info:    Overwriting symbol font `letters' in version `bold'
(Font)                  OML/cmm/b/it --> OML/plm/b/it on input line 362.
LaTeX Font Info:    Overwriting symbol font `symbols' in version `bold'
(Font)                  OMS/cmsy/b/n --> OMS/plsy/b/n on input line 362.
)
(D:\texstudio\mikitex\tex/latex/multirow\multirow.sty
Package: multirow 2024/11/12 v2.9 Span multiple rows of a table
\multirow@colwidth=\skip54
\multirow@cntb=\count303
\multirow@dima=\skip55
\bigstrutjot=\dimen181
)
(D:\texstudio\mikitex\tex/latex/base\inputenc.sty
Package: inputenc 2024/02/08 v1.3d Input encoding file
\inpenc@prehook=\toks26
\inpenc@posthook=\toks27
)
(D:\texstudio\mikitex\tex/latex/gensymb\gensymb.sty
Package: gensymb 2022/10/17 v1.0.2 (KJH)
)
(D:\texstudio\mikitex\tex/latex/l3backend\l3backend-pdftex.def
File: l3backend-pdftex.def 2025-10-09 L3 backend support: PDF output (pdfTeX)
\l__color_backend_stack_int=\count304
) (main.aux)
\openout1 = `main.aux'.

LaTeX Font Info:    Checking defaults for OML/cmm/m/it on input line 21.
LaTeX Font Info:    ... okay on input line 21.
LaTeX Font Info:    Checking defaults for OMS/cmsy/m/n on input line 21.
LaTeX Font Info:    ... okay on input line 21.
LaTeX Font Info:    Checking defaults for OT1/cmr/m/n on input line 21.
LaTeX Font Info:    ... okay on input line 21.
LaTeX Font Info:    Checking defaults for T1/cmr/m/n on input line 21.
LaTeX Font Info:    ... okay on input line 21.
LaTeX Font Info:    Checking defaults for TS1/cmr/m/n on input line 21.
LaTeX Font Info:    ... okay on input line 21.
LaTeX Font Info:    Checking defaults for OMX/cmex/m/n on input line 21.
LaTeX Font Info:    ... okay on input line 21.
LaTeX Font Info:    Checking defaults for U/cmr/m/n on input line 21.
LaTeX Font Info:    ... okay on input line 21.
LaTeX Font Info:    Checking defaults for OT4/cmr/m/n on input line 21.
LaTeX Font Info:    ... okay on input line 21.

*geometry* driver: auto-detecting
*geometry* detected driver: pdftex
*geometry* verbose mode - [ preamble ] result:
* driver: pdftex
* paper: a4paper
* layout: <same size as paper>
* layoutoffset:(h,v)=(0.0pt,0.0pt)
* modes: 
* h-part:(L,W,R)=(71.13188pt, 455.24411pt, 71.13188pt)
* v-part:(T,H,B)=(71.13188pt, 702.78308pt, 71.13188pt)
* \paperwidth=597.50787pt
* \paperheight=845.04684pt
* \textwidth=455.24411pt
* \textheight=702.78308pt
* \oddsidemargin=-1.1381pt
* \evensidemargin=-1.1381pt
* \topmargin=-38.1381pt
* \headheight=12.0pt
* \headsep=25.0pt
* \topskip=12.0pt
* \footskip=30.0pt
* \marginparwidth=35.0pt
* \marginparsep=10.0pt
* \columnsep=10.0pt
* \skip\footins=10.8pt plus 4.0pt minus 2.0pt
* \hoffset=0.0pt
* \voffset=0.0pt
* \mag=1000
* \@twocolumnfalse
* \@twosidefalse
* \@mparswitchfalse
* \@reversemarginfalse
* (1in=72.27pt=25.4mm, 1cm=28.453pt)

(D:\texstudio\mikitex\tex/context/base/mkii\supp-pdf.mkii
[Loading MPS to PDF converter (version 2006.09.02).]
\scratchcounter=\count305
\scratchdimen=\dimen182
\scratchbox=\box57
\nofMPsegments=\count306
\nofMParguments=\count307
\everyMPshowfont=\toks28
\MPscratchCnt=\count308
\MPscratchDim=\dimen183
\MPnumerator=\count309
\makeMPintoPDFobject=\count310
\everyMPtoPDFconversion=\toks29
) (D:\texstudio\mikitex\tex/latex/epstopdf-pkg\epstopdf-base.sty
Package: epstopdf-base 2020-01-24 v2.11 Base part for package epstopdf
Package epstopdf-base Info: Redefining graphics rule for `.eps' on input line 4
85.

(D:\texstudio\mikitex\tex/latex/00miktex\epstopdf-sys.cfg
File: epstopdf-sys.cfg 2021/03/18 v2.0 Configuration of epstopdf for MiKTeX
))
LaTeX Info: Redefining \celsius on input line 21.
Package gensymb Info: Faking symbols for \degree and \celsius on input line 21.



Package gensymb Warning: Not defining \perthousand.

LaTeX Info: Redefining \ohm on input line 21.
Package gensymb Info: Using \Omega for \ohm on input line 21.

Package gensymb Warning: Not defining \micro.

LaTeX Font Info:    Trying to load font information for OML+plm on input line 2
2.
(D:\texstudio\mikitex\tex/latex/polski\omlplm.fd
File: omlplm.fd 2008/02/24 v1.2.1 Font defs for fonts PL (MW)
)
LaTeX Font Info:    Trying to load font information for OMS+plsy on input line 
22.

(D:\texstudio\mikitex\tex/latex/polski\omsplsy.fd
File: omsplsy.fd 2008/02/24 v1.2.1 Font defs for fonts PL (MW)
)
LaTeX Font Info:    Trying to load font information for OMX+plex on input line 
22.

(D:\texstudio\mikitex\tex/latex/polski\omxplex.fd
File: omxplex.fd 2008/02/24 v1.2.1 Font defs for fonts PL (MW)
)
LaTeX Font Info:    External font `plex10' loaded for size
(Font)              <14.4> on input line 22.
LaTeX Font Info:    External font `plex10' loaded for size
(Font)              <10> on input line 22.
LaTeX Font Info:    External font `plex10' loaded for size
(Font)              <7> on input line 22.
LaTeX Font Info:    Trying to load font information for U+msa on input line 22.


(D:\texstudio\mikitex\tex/latex/amsfonts\umsa.fd
File: umsa.fd 2013/01/14 v3.01 AMS symbols A
)
LaTeX Font Info:    Trying to load font information for U+msb on input line 22.


(D:\texstudio\mikitex\tex/latex/amsfonts\umsb.fd
File: umsb.fd 2013/01/14 v3.01 AMS symbols B
) (wstep.tex
LaTeX Font Info:    External font `plex10' loaded for size
(Font)              <12> on input line 14.
LaTeX Font Info:    External font `plex10' loaded for size
(Font)              <8> on input line 14.
LaTeX Font Info:    External font `plex10' loaded for size
(Font)              <6> on input line 14.
) (czesc1.tex
[1

{C:/Users/kondr/AppData/Local/MiKTeX/fonts/map/pdftex/pdftex.map}{D:/texstudio/
mikitex/fonts/enc/dvips/pl/plrm.enc}{D:/texstudio/mikitex/fonts/enc/dvips/pl/pl
mi.enc}]
LaTeX Font Info:    Trying to load font information for OT4+cmtt on input line 
4.
 (D:\texstudio\mikitex\tex/latex/polski\ot4cmtt.fd
File: ot4cmtt.fd 2008/02/24 v1.2.1 Font defs for fonts PL (MW)
)
<wplyw kroku na rozwiazanie - euler.png, id=11, 1049.8422pt x 633.567pt>
File: wplyw kroku na rozwiazanie - euler.png Graphic file (type png)
<use wplyw kroku na rozwiazanie - euler.png>
Package pdftex.def Info: wplyw kroku na rozwiazanie - euler.png  used on input 
line 8.
(pdftex.def)             Requested size: 384.28653pt x 231.9197pt.
<wplyw kroku na rozwiazanie - euler ulepszony.png, id=12, 1049.8422pt x 633.567
pt>
File: wplyw kroku na rozwiazanie - euler ulepszony.png Graphic file (type png)
<use wplyw kroku na rozwiazanie - euler ulepszony.png>
Package pdftex.def Info: wplyw kroku na rozwiazanie - euler ulepszony.png  used
 on input line 17.
(pdftex.def)             Requested size: 384.28653pt x 231.9197pt.
 [2{D:/texstudio/mikitex/fonts/enc/dvips/pl/pltt.enc} <./wplyw kroku na rozwiaz
anie - euler.png (PNG copy)>]
<przebieg temperatur dla roznych metod rozwiazywania rownan rozniczkowych.png, 
id=17, 1049.8422pt x 633.567pt>
File: przebieg temperatur dla roznych metod rozwiazywania rownan rozniczkowych.
png Graphic file (type png)
<use przebieg temperatur dla roznych metod rozwiazywania rownan rozniczkowych.p
ng>
Package pdftex.def Info: przebieg temperatur dla roznych metod rozwiazywania ro
wnan rozniczkowych.png  used on input line 26.
(pdftex.def)             Requested size: 384.28653pt x 231.9197pt.
 [3 <./wplyw kroku na rozwiazanie - euler ulepszony.png (PNG copy)> <./przebieg
 temperatur dla roznych metod rozwiazywania rownan rozniczkowych.png (PNG copy)
>]
<przebiegi dla roznych zestawow danych.png, id=21, 1049.8422pt x 633.567pt>
File: przebiegi dla roznych zestawow danych.png Graphic file (type png)
<use przebiegi dla roznych zestawow danych.png>
Package pdftex.def Info: przebiegi dla roznych zestawow danych.png  used on inp
ut line 37.
(pdftex.def)             Requested size: 455.24411pt x 274.73901pt.
) (czesc2b.tex [4{D:/texstudio/mikitex/fonts/enc/dvips/pl/plms.enc} <./przebieg
i dla roznych zestawow danych.png (PNG copy)>]
<Aproksymacja MNK.png, id=27, 1049.8422pt x 633.567pt>
File: Aproksymacja MNK.png Graphic file (type png)
<use Aproksymacja MNK.png>
Package pdftex.def Info: Aproksymacja MNK.png  used on input line 11.
(pdftex.def)             Requested size: 384.28653pt x 231.9197pt.
<Interpolacja Lagrangea.png, id=28, 1049.8422pt x 633.567pt>
File: Interpolacja Lagrangea.png Graphic file (type png)
<use Interpolacja Lagrangea.png>
Package pdftex.def Info: Interpolacja Lagrangea.png  used on input line 23.
(pdftex.def)             Requested size: 384.28653pt x 231.9197pt.
 [5 <./Aproksymacja MNK.png (PNG copy)>] [6 <./Interpolacja Lagrangea.png (PNG 
copy)>]
<Splajn kubiczny.png, id=36, 1049.8422pt x 633.567pt>
File: Splajn kubiczny.png Graphic file (type png)
<use Splajn kubiczny.png>
Package pdftex.def Info: Splajn kubiczny.png  used on input line 38.
(pdftex.def)             Requested size: 384.28653pt x 231.9197pt.
<Por처wnanie metod.png, id=37, 1049.8422pt x 633.567pt>
File: Por처wnanie metod.png Graphic file (type png)
<use Por처wnanie metod.png>
Package pdftex.def Info: Por처wnanie metod.png  used on input line 48.
(pdftex.def)             Requested size: 384.28653pt x 231.9197pt.
 [7 <./Splajn kubiczny.png (PNG copy)>]
<Temperatura preta.png, id=42, 1049.8422pt x 633.567pt>
File: Temperatura preta.png Graphic file (type png)
<use Temperatura preta.png>
Package pdftex.def Info: Temperatura preta.png  used on input line 74.
(pdftex.def)             Requested size: 384.28653pt x 231.9197pt.
 [8 <./Por처wnanie metod.png (PNG copy)>]
<Temperatura cieczy chlodzacej.png, id=46, 1049.8422pt x 633.567pt>
File: Temperatura cieczy chlodzacej.png Graphic file (type png)
<use Temperatura cieczy chlodzacej.png>
Package pdftex.def Info: Temperatura cieczy chlodzacej.png  used on input line 
80.
(pdftex.def)             Requested size: 384.28653pt x 231.9197pt.
 [9 <./Temperatura preta.png (PNG copy)> <./Temperatura cieczy chlodzacej.png (
PNG copy)>]) (czesc3.tex [10] [11]
Overfull \hbox (9.14613pt too wide) in paragraph at lines 52--53
[]\OT4/cmr/m/n/12 wielomian stop-nia 5 jest wy-star-cza-j-co ela-stycz-ny, by 
od-wzo-ro-wa nie-li-nio-wo괍 $\OML/plm/m/it/12 h\OT4/cmr/m/n/12 (^^A\OML/plm/m
/it/12 T\OT4/cmr/m/n/12 )$,
 []

[12]) (czesc4.tex [13] [14]) (podsumowanie.tex [15]) [16] (main.aux)
 ***********
LaTeX2e <2025-11-01>
L3 programming layer <2025-11-06>
 ***********
 )
(\end occurred inside a group at level 1)

### simple group (level 1) entered at line 47 ({)
### bottom level 
Here is how much of TeX's memory you used:
 3834 strings out of 467870
 57717 string characters out of 5429899
 470206 words of memory out of 5000000
 32633 multiletter control sequences out of 15000+600000
 640789 words of font info for 79 fonts, out of 8000000 for 9000
 1141 hyphenation exceptions out of 8191
 57i,10n,65p,819b,313s stack positions out of 10000i,1000n,20000p,200000b,200000s
 <C:\Users\kondr\AppData\Local\MiKTeX\fonts/pk/ljfour/jknappen/
ec/dpi600\tcrm1200.pk><D:/texstudio/mikitex/fonts/type1/public/pl/plbx12.pfb><D
:/texstudio/mikitex/fonts/type1/public/pl/plmi12.pfb><D:/texstudio/mikitex/font
s/type1/public/pl/plmi8.pfb><D:/texstudio/mikitex/fonts/type1/public/pl/plr12.p
fb><D:/texstudio/mikitex/fonts/type1/public/pl/plr17.pfb><D:/texstudio/mikitex/
fonts/type1/public/pl/plr8.pfb><D:/texstudio/mikitex/fonts/type1/public/pl/plsy
10.pfb><D:/texstudio/mikitex/fonts/type1/public/pl/plsy8.pfb><D:/texstudio/miki
tex/fonts/type1/public/pl/pltt12.pfb>
Output written on main.pdf (16 pages, 894346 bytes).
PDF statistics:
 119 PDF objects out of 1000 (max. 8388607)
 0 named destinations out of 1000 (max. 500000)
 51 words of extra memory for PDF output out of 10000 (max. 10000000)

